<?xml version="1.0" encoding="UTF-8"?>
<!-- Generated by org.testng.reporters.JUnitReportReporter -->
<testsuite hostname="DESKTOP-K9L463E" failures="0" tests="3" name="com.mystore.testcases.TC_MyAccountPageTestDataDrivenTesting" time="6.587" errors="0" timestamp="2024-06-07T22:42:35 IST" skipped="1">
  <testcase classname="com.mystore.testcases.TC_MyAccountPageTestDataDrivenTesting" name="VerifyLogin" time="3.001"/>
  <system-out/>
  <testcase classname="com.mystore.testcases.TC_MyAccountPageTestDataDrivenTesting" name="VerifyLogin" time="3.586"/>
  <system-out/>
  <testcase classname="com.mystore.testcases.TC_MyAccountPageTestDataDrivenTesting" name="verifyRegitrationAndLogin">
    <skipped/>
  </testcase> <!-- verifyRegitrationAndLogin -->
  <system-out/>
</testsuite> <!-- com.mystore.testcases.TC_MyAccountPageTestDataDrivenTesting -->
